

Microchip MPLAB XC8 Assembler V3.00 build 20241204225717 
                                                                                               Sun May 11 00:34:55 2025

Microchip MPLAB XC8 C Compiler v3.00 (Free license) build 20241204225717 Og1 
     1                           	processor	18F4550
     2                           	fnconf	rparam,??,?,0
     3                           	pagewidth 120
     4                           	opt	flic
     5                           	psect	cinit,global,reloc=2,class=CODE,space=0,delta=1
     6                           	psect	cstackCOMRAM,global,class=COMRAM,space=1,delta=1,lowdata,noexec
     7                           	psect	text0,global,reloc=2,class=CODE,space=0,delta=1
     8                           	psect	smallconst,global,reloc=2,class=SMALLCONST,space=0,delta=1,noexec
     9                           	psect	intsave_regs,global,class=BIGRAM,space=1,delta=1,noexec
    10                           	psect	rparam,global,class=COMRAM,space=1,delta=1,noexec
    11                           	psect	config,global,abs,ovrld,class=CONFIG,space=4,delta=1,noexec
    12   000000                     
    13                           ; Generated 17/01/2025 GMT
    14                           ; 
    15                           ; Copyright © 2025, Microchip Technology Inc. and its subsidiaries ("Microchip")
    16                           ; All rights reserved.
    17                           ; 
    18                           ; This software is developed by Microchip Technology Inc. and its subsidiaries ("Microch
      +                          ip").
    19                           ; 
    20                           ; Redistribution and use in source and binary forms, with or without modification, are
    21                           ; permitted provided that the following conditions are met:
    22                           ; 
    23                           ;     1. Redistributions of source code must retain the above copyright notice, this lis
      +                          t of
    24                           ;        conditions and the following disclaimer.
    25                           ; 
    26                           ;     2. Redistributions in binary form must reproduce the above copyright notice, this 
      +                          list
    27                           ;        of conditions and the following disclaimer in the documentation and/or other
    28                           ;        materials provided with the distribution. Publication is not required when
    29                           ;        this file is used in an embedded application.
    30                           ; 
    31                           ;     3. Microchip's name may not be used to endorse or promote products derived from th
      +                          is
    32                           ;        software without specific prior written permission.
    33                           ; 
    34                           ; THIS SOFTWARE IS PROVIDED BY MICROCHIP "AS IS" AND ANY EXPRESS OR IMPLIED WARRANTIES,
    35                           ; INCLUDING, BUT NOT LIMITED TO, THE IMPLIED WARRANTIES OF MERCHANTABILITY AND FITNESS F
      +                          OR
    36                           ; PURPOSE ARE DISCLAIMED.  IN NO EVENT SHALL MICROCHIP BE LIABLE FOR ANY DIRECT, INDIREC
      +                          T,
    37                           ; INCIDENTAL, SPECIAL, EXEMPLARY, OR CONSEQUENTIAL DAMAGES (INCLUDING BUT NOT LIMITED TO
    38                           ; PROCUREMENT OF SUBSTITUTE GOODS OR SERVICES; LOSS OF USE, DATA OR PROFITS; OR BUSINESS
    39                           ; INTERRUPTION) HOWSOEVER CAUSED AND ON ANY THEORY OF LIABILITY, WHETHER IN CONTRACT, ST
      +                          RICT
    40                           ; LIABILITY, OR TORT (INCLUDING NEGLIGENCE OR OTHERWISE) ARISING IN ANY WAY OUT OF THE U
      +                          SE OF
    41                           ; THIS SOFTWARE, EVEN IF ADVISED OF THE POSSIBILITY OF SUCH DAMAGE.
    42                           ; 
    43                           ; 
    44                           ; Code-generator required, PIC18F4550 Definitions
    45                           ; 
    46                           ; SFR Addresses
    47   000FE0                     bsr             equ	4064
    48   000FE9                     fsr0            equ	4073
    49   000FEA                     fsr0h           equ	4074
    50   000FE9                     fsr0l           equ	4073
    51   000FE1                     fsr1            equ	4065
    52   000FE2                     fsr1h           equ	4066
    53   000FE1                     fsr1l           equ	4065
    54   000FD9                     fsr2            equ	4057
    55   000FDA                     fsr2h           equ	4058
    56   000FD9                     fsr2l           equ	4057
    57   000FEF                     indf0           equ	4079
    58   000FE7                     indf1           equ	4071
    59   000FDF                     indf2           equ	4063
    60   000FF2                     intcon          equ	4082
    61   000000                     nvmcon          equ	0
    62   000FF9                     pcl             equ	4089
    63   000FFA                     pclath          equ	4090
    64   000FFB                     pclatu          equ	4091
    65   000FEB                     plusw0          equ	4075
    66   000FE3                     plusw1          equ	4067
    67   000FDB                     plusw2          equ	4059
    68   000FED                     postdec0        equ	4077
    69   000FE5                     postdec1        equ	4069
    70   000FDD                     postdec2        equ	4061
    71   000FEE                     postinc0        equ	4078
    72   000FE6                     postinc1        equ	4070
    73   000FDE                     postinc2        equ	4062
    74   000FEC                     preinc0         equ	4076
    75   000FE4                     preinc1         equ	4068
    76   000FDC                     preinc2         equ	4060
    77   000FF3                     prod            equ	4083
    78   000FF4                     prodh           equ	4084
    79   000FF3                     prodl           equ	4083
    80   000FD8                     status          equ	4056
    81   000FF5                     tablat          equ	4085
    82   000FF6                     tblptr          equ	4086
    83   000FF7                     tblptrh         equ	4087
    84   000FF6                     tblptrl         equ	4086
    85   000FF8                     tblptru         equ	4088
    86   000FFD                     tosl            equ	4093
    87   000FE8                     wreg            equ	4072
    88   000F62                     SPPDATA         equ	3938	;# 
    89   000F63                     SPPCFG          equ	3939	;# 
    90   000F64                     SPPEPS          equ	3940	;# 
    91   000F65                     SPPCON          equ	3941	;# 
    92   000F66                     UFRM            equ	3942	;# 
    93   000F66                     UFRML           equ	3942	;# 
    94   000F67                     UFRMH           equ	3943	;# 
    95   000F68                     UIR             equ	3944	;# 
    96   000F69                     UIE             equ	3945	;# 
    97   000F6A                     UEIR            equ	3946	;# 
    98   000F6B                     UEIE            equ	3947	;# 
    99   000F6C                     USTAT           equ	3948	;# 
   100   000F6D                     UCON            equ	3949	;# 
   101   000F6E                     UADDR           equ	3950	;# 
   102   000F6F                     UCFG            equ	3951	;# 
   103   000F70                     UEP0            equ	3952	;# 
   104   000F71                     UEP1            equ	3953	;# 
   105   000F72                     UEP2            equ	3954	;# 
   106   000F73                     UEP3            equ	3955	;# 
   107   000F74                     UEP4            equ	3956	;# 
   108   000F75                     UEP5            equ	3957	;# 
   109   000F76                     UEP6            equ	3958	;# 
   110   000F77                     UEP7            equ	3959	;# 
   111   000F78                     UEP8            equ	3960	;# 
   112   000F79                     UEP9            equ	3961	;# 
   113   000F7A                     UEP10           equ	3962	;# 
   114   000F7B                     UEP11           equ	3963	;# 
   115   000F7C                     UEP12           equ	3964	;# 
   116   000F7D                     UEP13           equ	3965	;# 
   117   000F7E                     UEP14           equ	3966	;# 
   118   000F7F                     UEP15           equ	3967	;# 
   119   000F80                     PORTA           equ	3968	;# 
   120   000F81                     PORTB           equ	3969	;# 
   121   000F82                     PORTC           equ	3970	;# 
   122   000F83                     PORTD           equ	3971	;# 
   123   000F84                     PORTE           equ	3972	;# 
   124   000F89                     LATA            equ	3977	;# 
   125   000F8A                     LATB            equ	3978	;# 
   126   000F8B                     LATC            equ	3979	;# 
   127   000F8C                     LATD            equ	3980	;# 
   128   000F8D                     LATE            equ	3981	;# 
   129   000F92                     TRISA           equ	3986	;# 
   130   000F92                     DDRA            equ	3986	;# 
   131   000F93                     TRISB           equ	3987	;# 
   132   000F93                     DDRB            equ	3987	;# 
   133   000F94                     TRISC           equ	3988	;# 
   134   000F94                     DDRC            equ	3988	;# 
   135   000F95                     TRISD           equ	3989	;# 
   136   000F95                     DDRD            equ	3989	;# 
   137   000F96                     TRISE           equ	3990	;# 
   138   000F96                     DDRE            equ	3990	;# 
   139   000F9B                     OSCTUNE         equ	3995	;# 
   140   000F9D                     PIE1            equ	3997	;# 
   141   000F9E                     PIR1            equ	3998	;# 
   142   000F9F                     IPR1            equ	3999	;# 
   143   000FA0                     PIE2            equ	4000	;# 
   144   000FA1                     PIR2            equ	4001	;# 
   145   000FA2                     IPR2            equ	4002	;# 
   146   000FA6                     EECON1          equ	4006	;# 
   147   000FA7                     EECON2          equ	4007	;# 
   148   000FA8                     EEDATA          equ	4008	;# 
   149   000FA9                     EEADR           equ	4009	;# 
   150   000FAB                     RCSTA           equ	4011	;# 
   151   000FAB                     RCSTA1          equ	4011	;# 
   152   000FAC                     TXSTA           equ	4012	;# 
   153   000FAC                     TXSTA1          equ	4012	;# 
   154   000FAD                     TXREG           equ	4013	;# 
   155   000FAD                     TXREG1          equ	4013	;# 
   156   000FAE                     RCREG           equ	4014	;# 
   157   000FAE                     RCREG1          equ	4014	;# 
   158   000FAF                     SPBRG           equ	4015	;# 
   159   000FAF                     SPBRG1          equ	4015	;# 
   160   000FB0                     SPBRGH          equ	4016	;# 
   161   000FB1                     T3CON           equ	4017	;# 
   162   000FB2                     TMR3            equ	4018	;# 
   163   000FB2                     TMR3L           equ	4018	;# 
   164   000FB3                     TMR3H           equ	4019	;# 
   165   000FB4                     CMCON           equ	4020	;# 
   166   000FB5                     CVRCON          equ	4021	;# 
   167   000FB6                     ECCP1AS         equ	4022	;# 
   168   000FB6                     CCP1AS          equ	4022	;# 
   169   000FB7                     ECCP1DEL        equ	4023	;# 
   170   000FB7                     CCP1DEL         equ	4023	;# 
   171   000FB8                     BAUDCON         equ	4024	;# 
   172   000FB8                     BAUDCTL         equ	4024	;# 
   173   000FBA                     CCP2CON         equ	4026	;# 
   174   000FBB                     CCPR2           equ	4027	;# 
   175   000FBB                     CCPR2L          equ	4027	;# 
   176   000FBC                     CCPR2H          equ	4028	;# 
   177   000FBD                     CCP1CON         equ	4029	;# 
   178   000FBD                     ECCP1CON        equ	4029	;# 
   179   000FBE                     CCPR1           equ	4030	;# 
   180   000FBE                     CCPR1L          equ	4030	;# 
   181   000FBF                     CCPR1H          equ	4031	;# 
   182   000FC0                     ADCON2          equ	4032	;# 
   183   000FC1                     ADCON1          equ	4033	;# 
   184   000FC2                     ADCON0          equ	4034	;# 
   185   000FC3                     ADRES           equ	4035	;# 
   186   000FC3                     ADRESL          equ	4035	;# 
   187   000FC4                     ADRESH          equ	4036	;# 
   188   000FC5                     SSPCON2         equ	4037	;# 
   189   000FC6                     SSPCON1         equ	4038	;# 
   190   000FC7                     SSPSTAT         equ	4039	;# 
   191   000FC8                     SSPADD          equ	4040	;# 
   192   000FC9                     SSPBUF          equ	4041	;# 
   193   000FCA                     T2CON           equ	4042	;# 
   194   000FCB                     PR2             equ	4043	;# 
   195   000FCB                     MEMCON          equ	4043	;# 
   196   000FCC                     TMR2            equ	4044	;# 
   197   000FCD                     T1CON           equ	4045	;# 
   198   000FCE                     TMR1            equ	4046	;# 
   199   000FCE                     TMR1L           equ	4046	;# 
   200   000FCF                     TMR1H           equ	4047	;# 
   201   000FD0                     RCON            equ	4048	;# 
   202   000FD1                     WDTCON          equ	4049	;# 
   203   000FD2                     HLVDCON         equ	4050	;# 
   204   000FD2                     LVDCON          equ	4050	;# 
   205   000FD3                     OSCCON          equ	4051	;# 
   206   000FD5                     T0CON           equ	4053	;# 
   207   000FD6                     TMR0            equ	4054	;# 
   208   000FD6                     TMR0L           equ	4054	;# 
   209   000FD7                     TMR0H           equ	4055	;# 
   210   000FD8                     STATUS          equ	4056	;# 
   211   000FD9                     FSR2            equ	4057	;# 
   212   000FD9                     FSR2L           equ	4057	;# 
   213   000FDA                     FSR2H           equ	4058	;# 
   214   000FDB                     PLUSW2          equ	4059	;# 
   215   000FDC                     PREINC2         equ	4060	;# 
   216   000FDD                     POSTDEC2        equ	4061	;# 
   217   000FDE                     POSTINC2        equ	4062	;# 
   218   000FDF                     INDF2           equ	4063	;# 
   219   000FE0                     BSR             equ	4064	;# 
   220   000FE1                     FSR1            equ	4065	;# 
   221   000FE1                     FSR1L           equ	4065	;# 
   222   000FE2                     FSR1H           equ	4066	;# 
   223   000FE3                     PLUSW1          equ	4067	;# 
   224   000FE4                     PREINC1         equ	4068	;# 
   225   000FE5                     POSTDEC1        equ	4069	;# 
   226   000FE6                     POSTINC1        equ	4070	;# 
   227   000FE7                     INDF1           equ	4071	;# 
   228   000FE8                     WREG            equ	4072	;# 
   229   000FE9                     FSR0            equ	4073	;# 
   230   000FE9                     FSR0L           equ	4073	;# 
   231   000FEA                     FSR0H           equ	4074	;# 
   232   000FEB                     PLUSW0          equ	4075	;# 
   233   000FEC                     PREINC0         equ	4076	;# 
   234   000FED                     POSTDEC0        equ	4077	;# 
   235   000FEE                     POSTINC0        equ	4078	;# 
   236   000FEF                     INDF0           equ	4079	;# 
   237   000FF0                     INTCON3         equ	4080	;# 
   238   000FF1                     INTCON2         equ	4081	;# 
   239   000FF2                     INTCON          equ	4082	;# 
   240   000FF3                     PROD            equ	4083	;# 
   241   000FF3                     PRODL           equ	4083	;# 
   242   000FF4                     PRODH           equ	4084	;# 
   243   000FF5                     TABLAT          equ	4085	;# 
   244   000FF6                     TBLPTR          equ	4086	;# 
   245   000FF6                     TBLPTRL         equ	4086	;# 
   246   000FF7                     TBLPTRH         equ	4087	;# 
   247   000FF8                     TBLPTRU         equ	4088	;# 
   248   000FF9                     PCLAT           equ	4089	;# 
   249   000FF9                     PC              equ	4089	;# 
   250   000FF9                     PCL             equ	4089	;# 
   251   000FFA                     PCLATH          equ	4090	;# 
   252   000FFB                     PCLATU          equ	4091	;# 
   253   000FFC                     STKPTR          equ	4092	;# 
   254   000FFD                     TOS             equ	4093	;# 
   255   000FFD                     TOSL            equ	4093	;# 
   256   000FFE                     TOSH            equ	4094	;# 
   257   000FFF                     TOSU            equ	4095	;# 
   258   000F8A                     _LATB           set	3978
   259   000F93                     _TRISB          set	3987
   260                           
   261                           ; #config settings
   262                           
   263                           	psect	cinit
   264   000B72                     __pcinit:
   265                           	callstack 0
   266   000B72                     start_initialization:
   267                           	callstack 0
   268   000B72                     __initialization:
   269                           	callstack 0
   270   000B72                     end_of_initialization:
   271                           	callstack 0
   272   000B72                     __end_of__initialization:
   273                           	callstack 0
   274   000B72  0100               	movlb	0
   275   000B74  EF01  F004         	goto	_main	;jump to C main() function
   276                           
   277                           	psect	cstackCOMRAM
   278   000001                     __pcstackCOMRAM:
   279                           	callstack 0
   280   000001                     ??_main:
   281                           
   282                           ; 1 bytes @ 0x0
   283   000001                     	ds	2
   284   000003                     main@redLed_1:
   285                           	callstack 0
   286                           
   287                           ; 2 bytes @ 0x2
   288   000003                     	ds	2
   289   000005                     main@yellowLed_1:
   290                           	callstack 0
   291                           
   292                           ; 2 bytes @ 0x4
   293   000005                     	ds	2
   294   000007                     main@greenLed_1:
   295                           	callstack 0
   296                           
   297                           ; 2 bytes @ 0x6
   298   000007                     	ds	2
   299   000009                     main@redLed_2:
   300                           	callstack 0
   301                           
   302                           ; 2 bytes @ 0x8
   303   000009                     	ds	2
   304   00000B                     main@yellowLed_2:
   305                           	callstack 0
   306                           
   307                           ; 2 bytes @ 0xA
   308   00000B                     	ds	2
   309   00000D                     main@greenLed_2:
   310                           	callstack 0
   311                           
   312                           ; 2 bytes @ 0xC
   313   00000D                     	ds	2
   314                           
   315 ;;
   316 ;;Main: autosize = 0, tempsize = 2, incstack = 0, save=0
   317 ;;
   318 ;; *************** function _main *****************
   319 ;; Defined at:
   320 ;;		line 17 in file "Projeto_I.c"
   321 ;; Parameters:    Size  Location     Type
   322 ;;		None
   323 ;; Auto vars:     Size  Location     Type
   324 ;;  greenLed_2      2   12[COMRAM] int 
   325 ;;  yellowLed_2     2   10[COMRAM] int 
   326 ;;  redLed_2        2    8[COMRAM] int 
   327 ;;  greenLed_1      2    6[COMRAM] int 
   328 ;;  yellowLed_1     2    4[COMRAM] int 
   329 ;;  redLed_1        2    2[COMRAM] int 
   330 ;; Return value:  Size  Location     Type
   331 ;;                  1    wreg      void 
   332 ;; Registers used:
   333 ;;		wreg, status,2, status,0
   334 ;; Tracked objects:
   335 ;;		On entry : 0/0
   336 ;;		On exit  : 0/0
   337 ;;		Unchanged: 0/0
   338 ;; Data sizes:     COMRAM   BANK0   BANK1   BANK2   BANK3   BANK4   BANK5   BANK6   BANK7
   339 ;;      Params:         0       0       0       0       0       0       0       0       0
   340 ;;      Locals:        12       0       0       0       0       0       0       0       0
   341 ;;      Temps:          2       0       0       0       0       0       0       0       0
   342 ;;      Totals:        14       0       0       0       0       0       0       0       0
   343 ;;Total ram usage:       14 bytes
   344 ;; This function calls:
   345 ;;		Nothing
   346 ;; This function is called by:
   347 ;;		Startup code after reset
   348 ;; This function uses a non-reentrant model
   349 ;;
   350                           
   351                           	psect	text0
   352   000802                     __ptext0:
   353                           	callstack 0
   354   000802                     _main:
   355                           	callstack 31
   356   000802                     
   357                           ;Projeto_I.c: 18:     int redLed_1 = 2,
   358   000802  0E00               	movlw	0
   359   000804  6E04               	movwf	(main@redLed_1+1)^0,c
   360   000806  0E02               	movlw	2
   361   000808  6E03               	movwf	main@redLed_1^0,c
   362                           
   363                           ;Projeto_I.c: 19:         yellowLed_1 = 1,
   364   00080A  0E00               	movlw	0
   365   00080C  6E06               	movwf	(main@yellowLed_1+1)^0,c
   366   00080E  0E01               	movlw	1
   367   000810  6E05               	movwf	main@yellowLed_1^0,c
   368                           
   369                           ;Projeto_I.c: 20:         greenLed_1 = 0,
   370   000812  0E00               	movlw	0
   371   000814  6E08               	movwf	(main@greenLed_1+1)^0,c
   372   000816  0E00               	movlw	0
   373   000818  6E07               	movwf	main@greenLed_1^0,c
   374                           
   375                           ;Projeto_I.c: 21:         redLed_2 = 5,
   376   00081A  0E00               	movlw	0
   377   00081C  6E0A               	movwf	(main@redLed_2+1)^0,c
   378   00081E  0E05               	movlw	5
   379   000820  6E09               	movwf	main@redLed_2^0,c
   380                           
   381                           ;Projeto_I.c: 22:         yellowLed_2 = 4,
   382   000822  0E00               	movlw	0
   383   000824  6E0C               	movwf	(main@yellowLed_2+1)^0,c
   384   000826  0E04               	movlw	4
   385   000828  6E0B               	movwf	main@yellowLed_2^0,c
   386                           
   387                           ;Projeto_I.c: 23:         greenLed_2 = 3;
   388   00082A  0E00               	movlw	0
   389   00082C  6E0E               	movwf	(main@greenLed_2+1)^0,c
   390   00082E  0E03               	movlw	3
   391   000830  6E0D               	movwf	main@greenLed_2^0,c
   392   000832                     
   393                           ;Projeto_I.c: 26:     ((TRISB) &= ~(1<<redLed_1));
   394   000832  9493               	bcf	147,2,c	;volatile
   395   000834                     
   396                           ;Projeto_I.c: 27:     ((LATB) &= ~(1<<redLed_1));
   397   000834  948A               	bcf	138,2,c	;volatile
   398   000836                     
   399                           ;Projeto_I.c: 28:     ((TRISB) &= ~(1<<yellowLed_1));
   400   000836  9293               	bcf	147,1,c	;volatile
   401   000838                     
   402                           ;Projeto_I.c: 29:     ((LATB) &= ~(1<<yellowLed_1));
   403   000838  928A               	bcf	138,1,c	;volatile
   404   00083A                     
   405                           ;Projeto_I.c: 30:     ((TRISB) &= ~(1<<greenLed_1));
   406   00083A  9093               	bcf	147,0,c	;volatile
   407   00083C                     
   408                           ;Projeto_I.c: 31:     ((LATB) &= ~(1<<greenLed_1));
   409   00083C  908A               	bcf	138,0,c	;volatile
   410   00083E                     
   411                           ;Projeto_I.c: 34:     ((TRISB) &= ~(1<<redLed_2));
   412   00083E  9A93               	bcf	147,5,c	;volatile
   413   000840                     
   414                           ;Projeto_I.c: 35:     ((LATB) &= ~(1<<redLed_2));
   415   000840  9A8A               	bcf	138,5,c	;volatile
   416   000842                     
   417                           ;Projeto_I.c: 36:     ((TRISB) &= ~(1<<yellowLed_2));
   418   000842  9893               	bcf	147,4,c	;volatile
   419   000844                     
   420                           ;Projeto_I.c: 37:     ((LATB) &= ~(1<<yellowLed_2));
   421   000844  988A               	bcf	138,4,c	;volatile
   422   000846                     
   423                           ;Projeto_I.c: 38:     ((TRISB) &= ~(1<<greenLed_2));
   424   000846  9693               	bcf	147,3,c	;volatile
   425   000848                     
   426                           ;Projeto_I.c: 39:     ((LATB) &= ~(1<<greenLed_2));
   427   000848  968A               	bcf	138,3,c	;volatile
   428   00084A                     l716:
   429                           
   430                           ;Projeto_I.c: 47:         ((LATB) |= (1<<greenLed_1));
   431   00084A  C007  F001         	movff	main@greenLed_1,??_main
   432   00084E  0E01               	movlw	1
   433   000850  6E02               	movwf	(??_main+1)^0,c
   434   000852  2A01               	incf	??_main^0,f,c
   435   000854  EF2E  F004         	goto	u14
   436   000858                     u15:
   437   000858  90D8               	bcf	status,0,c
   438   00085A  3602               	rlcf	(??_main+1)^0,f,c
   439   00085C                     u14:
   440   00085C  2E01               	decfsz	??_main^0,f,c
   441   00085E  EF2C  F004         	goto	u15
   442   000862  5002               	movf	(??_main+1)^0,w,c
   443   000864  128A               	iorwf	138,f,c	;volatile
   444   000866                     
   445                           ;Projeto_I.c: 48:         ((LATB) &= ~(1<<yellowLed_1));
   446   000866  C005  F001         	movff	main@yellowLed_1,??_main
   447   00086A  0E01               	movlw	1
   448   00086C  6E02               	movwf	(??_main+1)^0,c
   449   00086E  2A01               	incf	??_main^0,f,c
   450   000870  EF3C  F004         	goto	u24
   451   000874                     u25:
   452   000874  90D8               	bcf	status,0,c
   453   000876  3602               	rlcf	(??_main+1)^0,f,c
   454   000878                     u24:
   455   000878  2E01               	decfsz	??_main^0,f,c
   456   00087A  EF3A  F004         	goto	u25
   457   00087E  5002               	movf	(??_main+1)^0,w,c
   458   000880  0AFF               	xorlw	255
   459   000882  168A               	andwf	138,f,c	;volatile
   460   000884                     
   461                           ;Projeto_I.c: 49:         ((LATB) &= ~(1<<redLed_1));
   462   000884  C003  F001         	movff	main@redLed_1,??_main
   463   000888  0E01               	movlw	1
   464   00088A  6E02               	movwf	(??_main+1)^0,c
   465   00088C  2A01               	incf	??_main^0,f,c
   466   00088E  EF4B  F004         	goto	u34
   467   000892                     u35:
   468   000892  90D8               	bcf	status,0,c
   469   000894  3602               	rlcf	(??_main+1)^0,f,c
   470   000896                     u34:
   471   000896  2E01               	decfsz	??_main^0,f,c
   472   000898  EF49  F004         	goto	u35
   473   00089C  5002               	movf	(??_main+1)^0,w,c
   474   00089E  0AFF               	xorlw	255
   475   0008A0  168A               	andwf	138,f,c	;volatile
   476   0008A2                     
   477                           ;Projeto_I.c: 50:         ((LATB) |= (1<<redLed_2));
   478   0008A2  C009  F001         	movff	main@redLed_2,??_main
   479   0008A6  0E01               	movlw	1
   480   0008A8  6E02               	movwf	(??_main+1)^0,c
   481   0008AA  2A01               	incf	??_main^0,f,c
   482   0008AC  EF5A  F004         	goto	u44
   483   0008B0                     u45:
   484   0008B0  90D8               	bcf	status,0,c
   485   0008B2  3602               	rlcf	(??_main+1)^0,f,c
   486   0008B4                     u44:
   487   0008B4  2E01               	decfsz	??_main^0,f,c
   488   0008B6  EF58  F004         	goto	u45
   489   0008BA  5002               	movf	(??_main+1)^0,w,c
   490   0008BC  128A               	iorwf	138,f,c	;volatile
   491   0008BE                     
   492                           ;Projeto_I.c: 51:         ((LATB) &= ~(1<<greenLed_2));
   493   0008BE  C00D  F001         	movff	main@greenLed_2,??_main
   494   0008C2  0E01               	movlw	1
   495   0008C4  6E02               	movwf	(??_main+1)^0,c
   496   0008C6  2A01               	incf	??_main^0,f,c
   497   0008C8  EF68  F004         	goto	u54
   498   0008CC                     u55:
   499   0008CC  90D8               	bcf	status,0,c
   500   0008CE  3602               	rlcf	(??_main+1)^0,f,c
   501   0008D0                     u54:
   502   0008D0  2E01               	decfsz	??_main^0,f,c
   503   0008D2  EF66  F004         	goto	u55
   504   0008D6  5002               	movf	(??_main+1)^0,w,c
   505   0008D8  0AFF               	xorlw	255
   506   0008DA  168A               	andwf	138,f,c	;volatile
   507   0008DC                     
   508                           ;Projeto_I.c: 52:         ((LATB) &= ~(1<<yellowLed_2));
   509   0008DC  C00B  F001         	movff	main@yellowLed_2,??_main
   510   0008E0  0E01               	movlw	1
   511   0008E2  6E02               	movwf	(??_main+1)^0,c
   512   0008E4  2A01               	incf	??_main^0,f,c
   513   0008E6  EF77  F004         	goto	u64
   514   0008EA                     u65:
   515   0008EA  90D8               	bcf	status,0,c
   516   0008EC  3602               	rlcf	(??_main+1)^0,f,c
   517   0008EE                     u64:
   518   0008EE  2E01               	decfsz	??_main^0,f,c
   519   0008F0  EF75  F004         	goto	u65
   520   0008F4  5002               	movf	(??_main+1)^0,w,c
   521   0008F6  0AFF               	xorlw	255
   522   0008F8  168A               	andwf	138,f,c	;volatile
   523   0008FA                     
   524                           ;Projeto_I.c: 53:         _delay((unsigned long)((7000)*(20000000/4000.0)));
   525   0008FA  0EB2               	movlw	178
   526   0008FC  6E02               	movwf	(??_main+1)^0,c
   527   0008FE  0E8F               	movlw	143
   528   000900  6E01               	movwf	??_main^0,c
   529   000902  0E13               	movlw	19
   530   000904                     u257:
   531   000904  2EE8               	decfsz	wreg,f,c
   532   000906  D7FE               	bra	u257
   533   000908  2E01               	decfsz	??_main^0,f,c
   534   00090A  D7FC               	bra	u257
   535   00090C  2E02               	decfsz	(??_main+1)^0,f,c
   536   00090E  D7FA               	bra	u257
   537   000910  0000               	nop	
   538   000912                     
   539                           ;Projeto_I.c: 55:         ((LATB) |= (1<<yellowLed_1));
   540   000912  C005  F001         	movff	main@yellowLed_1,??_main
   541   000916  0E01               	movlw	1
   542   000918  6E02               	movwf	(??_main+1)^0,c
   543   00091A  2A01               	incf	??_main^0,f,c
   544   00091C  EF92  F004         	goto	u74
   545   000920                     u75:
   546   000920  90D8               	bcf	status,0,c
   547   000922  3602               	rlcf	(??_main+1)^0,f,c
   548   000924                     u74:
   549   000924  2E01               	decfsz	??_main^0,f,c
   550   000926  EF90  F004         	goto	u75
   551   00092A  5002               	movf	(??_main+1)^0,w,c
   552   00092C  128A               	iorwf	138,f,c	;volatile
   553   00092E                     
   554                           ;Projeto_I.c: 56:         ((LATB) &= ~(1<<redLed_1));
   555   00092E  C003  F001         	movff	main@redLed_1,??_main
   556   000932  0E01               	movlw	1
   557   000934  6E02               	movwf	(??_main+1)^0,c
   558   000936  2A01               	incf	??_main^0,f,c
   559   000938  EFA0  F004         	goto	u84
   560   00093C                     u85:
   561   00093C  90D8               	bcf	status,0,c
   562   00093E  3602               	rlcf	(??_main+1)^0,f,c
   563   000940                     u84:
   564   000940  2E01               	decfsz	??_main^0,f,c
   565   000942  EF9E  F004         	goto	u85
   566   000946  5002               	movf	(??_main+1)^0,w,c
   567   000948  0AFF               	xorlw	255
   568   00094A  168A               	andwf	138,f,c	;volatile
   569   00094C                     
   570                           ;Projeto_I.c: 57:         ((LATB) &= ~(1<<greenLed_1));
   571   00094C  C007  F001         	movff	main@greenLed_1,??_main
   572   000950  0E01               	movlw	1
   573   000952  6E02               	movwf	(??_main+1)^0,c
   574   000954  2A01               	incf	??_main^0,f,c
   575   000956  EFAF  F004         	goto	u94
   576   00095A                     u95:
   577   00095A  90D8               	bcf	status,0,c
   578   00095C  3602               	rlcf	(??_main+1)^0,f,c
   579   00095E                     u94:
   580   00095E  2E01               	decfsz	??_main^0,f,c
   581   000960  EFAD  F004         	goto	u95
   582   000964  5002               	movf	(??_main+1)^0,w,c
   583   000966  0AFF               	xorlw	255
   584   000968  168A               	andwf	138,f,c	;volatile
   585   00096A                     
   586                           ;Projeto_I.c: 58:         ((LATB) |= (1<<redLed_2));
   587   00096A  C009  F001         	movff	main@redLed_2,??_main
   588   00096E  0E01               	movlw	1
   589   000970  6E02               	movwf	(??_main+1)^0,c
   590   000972  2A01               	incf	??_main^0,f,c
   591   000974  EFBE  F004         	goto	u104
   592   000978                     u105:
   593   000978  90D8               	bcf	status,0,c
   594   00097A  3602               	rlcf	(??_main+1)^0,f,c
   595   00097C                     u104:
   596   00097C  2E01               	decfsz	??_main^0,f,c
   597   00097E  EFBC  F004         	goto	u105
   598   000982  5002               	movf	(??_main+1)^0,w,c
   599   000984  128A               	iorwf	138,f,c	;volatile
   600   000986                     
   601                           ;Projeto_I.c: 59:         ((LATB) &= ~(1<<greenLed_2));
   602   000986  C00D  F001         	movff	main@greenLed_2,??_main
   603   00098A  0E01               	movlw	1
   604   00098C  6E02               	movwf	(??_main+1)^0,c
   605   00098E  2A01               	incf	??_main^0,f,c
   606   000990  EFCC  F004         	goto	u114
   607   000994                     u115:
   608   000994  90D8               	bcf	status,0,c
   609   000996  3602               	rlcf	(??_main+1)^0,f,c
   610   000998                     u114:
   611   000998  2E01               	decfsz	??_main^0,f,c
   612   00099A  EFCA  F004         	goto	u115
   613   00099E  5002               	movf	(??_main+1)^0,w,c
   614   0009A0  0AFF               	xorlw	255
   615   0009A2  168A               	andwf	138,f,c	;volatile
   616   0009A4                     
   617                           ;Projeto_I.c: 60:         ((LATB) &= ~(1<<yellowLed_2));
   618   0009A4  C00B  F001         	movff	main@yellowLed_2,??_main
   619   0009A8  0E01               	movlw	1
   620   0009AA  6E02               	movwf	(??_main+1)^0,c
   621   0009AC  2A01               	incf	??_main^0,f,c
   622   0009AE  EFDB  F004         	goto	u124
   623   0009B2                     u125:
   624   0009B2  90D8               	bcf	status,0,c
   625   0009B4  3602               	rlcf	(??_main+1)^0,f,c
   626   0009B6                     u124:
   627   0009B6  2E01               	decfsz	??_main^0,f,c
   628   0009B8  EFD9  F004         	goto	u125
   629   0009BC  5002               	movf	(??_main+1)^0,w,c
   630   0009BE  0AFF               	xorlw	255
   631   0009C0  168A               	andwf	138,f,c	;volatile
   632   0009C2                     
   633                           ;Projeto_I.c: 61:         _delay((unsigned long)((1000)*(20000000/4000.0)));
   634   0009C2  0E1A               	movlw	26
   635   0009C4  6E02               	movwf	(??_main+1)^0,c
   636   0009C6  0E5E               	movlw	94
   637   0009C8  6E01               	movwf	??_main^0,c
   638   0009CA  0E6E               	movlw	110
   639   0009CC                     u267:
   640   0009CC  2EE8               	decfsz	wreg,f,c
   641   0009CE  D7FE               	bra	u267
   642   0009D0  2E01               	decfsz	??_main^0,f,c
   643   0009D2  D7FC               	bra	u267
   644   0009D4  2E02               	decfsz	(??_main+1)^0,f,c
   645   0009D6  D7FA               	bra	u267
   646   0009D8  D000               	nop2	
   647   0009DA                     
   648                           ;Projeto_I.c: 64:         ((LATB) |= (1<<redLed_1));
   649   0009DA  C003  F001         	movff	main@redLed_1,??_main
   650   0009DE  0E01               	movlw	1
   651   0009E0  6E02               	movwf	(??_main+1)^0,c
   652   0009E2  2A01               	incf	??_main^0,f,c
   653   0009E4  EFF6  F004         	goto	u134
   654   0009E8                     u135:
   655   0009E8  90D8               	bcf	status,0,c
   656   0009EA  3602               	rlcf	(??_main+1)^0,f,c
   657   0009EC                     u134:
   658   0009EC  2E01               	decfsz	??_main^0,f,c
   659   0009EE  EFF4  F004         	goto	u135
   660   0009F2  5002               	movf	(??_main+1)^0,w,c
   661   0009F4  128A               	iorwf	138,f,c	;volatile
   662   0009F6                     
   663                           ;Projeto_I.c: 65:         ((LATB) &= ~(1<<greenLed_1));
   664   0009F6  C007  F001         	movff	main@greenLed_1,??_main
   665   0009FA  0E01               	movlw	1
   666   0009FC  6E02               	movwf	(??_main+1)^0,c
   667   0009FE  2A01               	incf	??_main^0,f,c
   668   000A00  EF04  F005         	goto	u144
   669   000A04                     u145:
   670   000A04  90D8               	bcf	status,0,c
   671   000A06  3602               	rlcf	(??_main+1)^0,f,c
   672   000A08                     u144:
   673   000A08  2E01               	decfsz	??_main^0,f,c
   674   000A0A  EF02  F005         	goto	u145
   675   000A0E  5002               	movf	(??_main+1)^0,w,c
   676   000A10  0AFF               	xorlw	255
   677   000A12  168A               	andwf	138,f,c	;volatile
   678   000A14                     
   679                           ;Projeto_I.c: 66:         ((LATB) &= ~(1<<yellowLed_1));
   680   000A14  C005  F001         	movff	main@yellowLed_1,??_main
   681   000A18  0E01               	movlw	1
   682   000A1A  6E02               	movwf	(??_main+1)^0,c
   683   000A1C  2A01               	incf	??_main^0,f,c
   684   000A1E  EF13  F005         	goto	u154
   685   000A22                     u155:
   686   000A22  90D8               	bcf	status,0,c
   687   000A24  3602               	rlcf	(??_main+1)^0,f,c
   688   000A26                     u154:
   689   000A26  2E01               	decfsz	??_main^0,f,c
   690   000A28  EF11  F005         	goto	u155
   691   000A2C  5002               	movf	(??_main+1)^0,w,c
   692   000A2E  0AFF               	xorlw	255
   693   000A30  168A               	andwf	138,f,c	;volatile
   694   000A32                     
   695                           ;Projeto_I.c: 67:         ((LATB) |= (1<<greenLed_2));
   696   000A32  C00D  F001         	movff	main@greenLed_2,??_main
   697   000A36  0E01               	movlw	1
   698   000A38  6E02               	movwf	(??_main+1)^0,c
   699   000A3A  2A01               	incf	??_main^0,f,c
   700   000A3C  EF22  F005         	goto	u164
   701   000A40                     u165:
   702   000A40  90D8               	bcf	status,0,c
   703   000A42  3602               	rlcf	(??_main+1)^0,f,c
   704   000A44                     u164:
   705   000A44  2E01               	decfsz	??_main^0,f,c
   706   000A46  EF20  F005         	goto	u165
   707   000A4A  5002               	movf	(??_main+1)^0,w,c
   708   000A4C  128A               	iorwf	138,f,c	;volatile
   709   000A4E                     
   710                           ;Projeto_I.c: 68:         ((LATB) &= ~(1<<redLed_2));
   711   000A4E  C009  F001         	movff	main@redLed_2,??_main
   712   000A52  0E01               	movlw	1
   713   000A54  6E02               	movwf	(??_main+1)^0,c
   714   000A56  2A01               	incf	??_main^0,f,c
   715   000A58  EF30  F005         	goto	u174
   716   000A5C                     u175:
   717   000A5C  90D8               	bcf	status,0,c
   718   000A5E  3602               	rlcf	(??_main+1)^0,f,c
   719   000A60                     u174:
   720   000A60  2E01               	decfsz	??_main^0,f,c
   721   000A62  EF2E  F005         	goto	u175
   722   000A66  5002               	movf	(??_main+1)^0,w,c
   723   000A68  0AFF               	xorlw	255
   724   000A6A  168A               	andwf	138,f,c	;volatile
   725   000A6C                     
   726                           ;Projeto_I.c: 69:         ((LATB) &= ~(1<<yellowLed_2));
   727   000A6C  C00B  F001         	movff	main@yellowLed_2,??_main
   728   000A70  0E01               	movlw	1
   729   000A72  6E02               	movwf	(??_main+1)^0,c
   730   000A74  2A01               	incf	??_main^0,f,c
   731   000A76  EF3F  F005         	goto	u184
   732   000A7A                     u185:
   733   000A7A  90D8               	bcf	status,0,c
   734   000A7C  3602               	rlcf	(??_main+1)^0,f,c
   735   000A7E                     u184:
   736   000A7E  2E01               	decfsz	??_main^0,f,c
   737   000A80  EF3D  F005         	goto	u185
   738   000A84  5002               	movf	(??_main+1)^0,w,c
   739   000A86  0AFF               	xorlw	255
   740   000A88  168A               	andwf	138,f,c	;volatile
   741   000A8A                     
   742                           ;Projeto_I.c: 70:         _delay((unsigned long)((7000)*(20000000/4000.0)));
   743   000A8A  0EB2               	movlw	178
   744   000A8C  6E02               	movwf	(??_main+1)^0,c
   745   000A8E  0E8F               	movlw	143
   746   000A90  6E01               	movwf	??_main^0,c
   747   000A92  0E13               	movlw	19
   748   000A94                     u277:
   749   000A94  2EE8               	decfsz	wreg,f,c
   750   000A96  D7FE               	bra	u277
   751   000A98  2E01               	decfsz	??_main^0,f,c
   752   000A9A  D7FC               	bra	u277
   753   000A9C  2E02               	decfsz	(??_main+1)^0,f,c
   754   000A9E  D7FA               	bra	u277
   755   000AA0  0000               	nop	
   756   000AA2                     
   757                           ;Projeto_I.c: 72:         ((LATB) |= (1<<redLed_1));
   758   000AA2  C003  F001         	movff	main@redLed_1,??_main
   759   000AA6  0E01               	movlw	1
   760   000AA8  6E02               	movwf	(??_main+1)^0,c
   761   000AAA  2A01               	incf	??_main^0,f,c
   762   000AAC  EF5A  F005         	goto	u194
   763   000AB0                     u195:
   764   000AB0  90D8               	bcf	status,0,c
   765   000AB2  3602               	rlcf	(??_main+1)^0,f,c
   766   000AB4                     u194:
   767   000AB4  2E01               	decfsz	??_main^0,f,c
   768   000AB6  EF58  F005         	goto	u195
   769   000ABA  5002               	movf	(??_main+1)^0,w,c
   770   000ABC  128A               	iorwf	138,f,c	;volatile
   771   000ABE                     
   772                           ;Projeto_I.c: 73:         ((LATB) &= ~(1<<greenLed_1));
   773   000ABE  C007  F001         	movff	main@greenLed_1,??_main
   774   000AC2  0E01               	movlw	1
   775   000AC4  6E02               	movwf	(??_main+1)^0,c
   776   000AC6  2A01               	incf	??_main^0,f,c
   777   000AC8  EF68  F005         	goto	u204
   778   000ACC                     u205:
   779   000ACC  90D8               	bcf	status,0,c
   780   000ACE  3602               	rlcf	(??_main+1)^0,f,c
   781   000AD0                     u204:
   782   000AD0  2E01               	decfsz	??_main^0,f,c
   783   000AD2  EF66  F005         	goto	u205
   784   000AD6  5002               	movf	(??_main+1)^0,w,c
   785   000AD8  0AFF               	xorlw	255
   786   000ADA  168A               	andwf	138,f,c	;volatile
   787   000ADC                     
   788                           ;Projeto_I.c: 74:         ((LATB) &= ~(1<<yellowLed_1));
   789   000ADC  C005  F001         	movff	main@yellowLed_1,??_main
   790   000AE0  0E01               	movlw	1
   791   000AE2  6E02               	movwf	(??_main+1)^0,c
   792   000AE4  2A01               	incf	??_main^0,f,c
   793   000AE6  EF77  F005         	goto	u214
   794   000AEA                     u215:
   795   000AEA  90D8               	bcf	status,0,c
   796   000AEC  3602               	rlcf	(??_main+1)^0,f,c
   797   000AEE                     u214:
   798   000AEE  2E01               	decfsz	??_main^0,f,c
   799   000AF0  EF75  F005         	goto	u215
   800   000AF4  5002               	movf	(??_main+1)^0,w,c
   801   000AF6  0AFF               	xorlw	255
   802   000AF8  168A               	andwf	138,f,c	;volatile
   803   000AFA                     
   804                           ;Projeto_I.c: 75:         ((LATB) |= (1<<yellowLed_2));
   805   000AFA  C00B  F001         	movff	main@yellowLed_2,??_main
   806   000AFE  0E01               	movlw	1
   807   000B00  6E02               	movwf	(??_main+1)^0,c
   808   000B02  2A01               	incf	??_main^0,f,c
   809   000B04  EF86  F005         	goto	u224
   810   000B08                     u225:
   811   000B08  90D8               	bcf	status,0,c
   812   000B0A  3602               	rlcf	(??_main+1)^0,f,c
   813   000B0C                     u224:
   814   000B0C  2E01               	decfsz	??_main^0,f,c
   815   000B0E  EF84  F005         	goto	u225
   816   000B12  5002               	movf	(??_main+1)^0,w,c
   817   000B14  128A               	iorwf	138,f,c	;volatile
   818   000B16                     
   819                           ;Projeto_I.c: 76:         ((LATB) &= ~(1<<redLed_2));
   820   000B16  C009  F001         	movff	main@redLed_2,??_main
   821   000B1A  0E01               	movlw	1
   822   000B1C  6E02               	movwf	(??_main+1)^0,c
   823   000B1E  2A01               	incf	??_main^0,f,c
   824   000B20  EF94  F005         	goto	u234
   825   000B24                     u235:
   826   000B24  90D8               	bcf	status,0,c
   827   000B26  3602               	rlcf	(??_main+1)^0,f,c
   828   000B28                     u234:
   829   000B28  2E01               	decfsz	??_main^0,f,c
   830   000B2A  EF92  F005         	goto	u235
   831   000B2E  5002               	movf	(??_main+1)^0,w,c
   832   000B30  0AFF               	xorlw	255
   833   000B32  168A               	andwf	138,f,c	;volatile
   834   000B34                     
   835                           ;Projeto_I.c: 77:         ((LATB) &= ~(1<<greenLed_2));
   836   000B34  C00D  F001         	movff	main@greenLed_2,??_main
   837   000B38  0E01               	movlw	1
   838   000B3A  6E02               	movwf	(??_main+1)^0,c
   839   000B3C  2A01               	incf	??_main^0,f,c
   840   000B3E  EFA3  F005         	goto	u244
   841   000B42                     u245:
   842   000B42  90D8               	bcf	status,0,c
   843   000B44  3602               	rlcf	(??_main+1)^0,f,c
   844   000B46                     u244:
   845   000B46  2E01               	decfsz	??_main^0,f,c
   846   000B48  EFA1  F005         	goto	u245
   847   000B4C  5002               	movf	(??_main+1)^0,w,c
   848   000B4E  0AFF               	xorlw	255
   849   000B50  168A               	andwf	138,f,c	;volatile
   850   000B52                     
   851                           ;Projeto_I.c: 78:         _delay((unsigned long)((1000)*(20000000/4000.0)));
   852   000B52  0E1A               	movlw	26
   853   000B54  6E02               	movwf	(??_main+1)^0,c
   854   000B56  0E5E               	movlw	94
   855   000B58  6E01               	movwf	??_main^0,c
   856   000B5A  0E6E               	movlw	110
   857   000B5C                     u287:
   858   000B5C  2EE8               	decfsz	wreg,f,c
   859   000B5E  D7FE               	bra	u287
   860   000B60  2E01               	decfsz	??_main^0,f,c
   861   000B62  D7FC               	bra	u287
   862   000B64  2E02               	decfsz	(??_main+1)^0,f,c
   863   000B66  D7FA               	bra	u287
   864   000B68  D000               	nop2	
   865   000B6A  EF25  F004         	goto	l716
   866   000B6E  EFFE  F03F         	goto	start
   867   000B72                     __end_of_main:
   868                           	callstack 0
   869                           
   870                           	psect	smallconst
   871   000800                     __psmallconst:
   872                           	callstack 0
   873   000800  00                 	db	0
   874   000801  00                 	db	0	; dummy byte at the end
   875   000800                     __smallconst    set	__psmallconst
   876   000800                     __mediumconst   set	__psmallconst
   877   000000                     __activetblptr  equ	0
   878                           
   879                           	psect	rparam
   880   000001                     ___rparam_used  equ	1
   881   000000                     ___param_bank   equ	0
   882   000000                     __Lparam        equ	__Lrparam
   883   000000                     __Hparam        equ	__Hrparam
   884                           
   885                           	psect	config
   886                           
   887                           ;Config register CONFIG1L @ 0x300000
   888                           ;	PLL Prescaler Selection bits
   889                           ;	PLLDIV = 1, No prescale (4 MHz oscillator input drives PLL directly)
   890                           ;	System Clock Postscaler Selection bits
   891                           ;	CPUDIV = OSC1_PLL2, [Primary Oscillator Src: /1][96 MHz PLL Src: /2]
   892                           ;	USB Clock Selection bit (used in Full-Speed USB mode only; UCFG:FSEN = 1)
   893                           ;	USBDIV = 1, USB clock source comes directly from the primary oscillator block with no 
      +                          postscale
   894   300000                     	org	3145728
   895   300000  00                 	db	0
   896                           
   897                           ;Config register CONFIG1H @ 0x300001
   898                           ;	Oscillator Selection bits
   899                           ;	FOSC = HS, HS oscillator (HS)
   900                           ;	Fail-Safe Clock Monitor Enable bit
   901                           ;	FCMEN = OFF, Fail-Safe Clock Monitor disabled
   902                           ;	Internal/External Oscillator Switchover bit
   903                           ;	IESO = OFF, Oscillator Switchover mode disabled
   904   300001                     	org	3145729
   905   300001  0C                 	db	12
   906                           
   907                           ;Config register CONFIG2L @ 0x300002
   908                           ;	Power-up Timer Enable bit
   909                           ;	PWRT = ON, PWRT enabled
   910                           ;	Brown-out Reset Enable bits
   911                           ;	BOR = OFF, Brown-out Reset disabled in hardware and software
   912                           ;	Brown-out Reset Voltage bits
   913                           ;	BORV = 3, Minimum setting 2.05V
   914                           ;	USB Voltage Regulator Enable bit
   915                           ;	VREGEN = OFF, USB voltage regulator disabled
   916   300002                     	org	3145730
   917   300002  18                 	db	24
   918                           
   919                           ;Config register CONFIG2H @ 0x300003
   920                           ;	Watchdog Timer Enable bit
   921                           ;	WDT = OFF, WDT disabled (control is placed on the SWDTEN bit)
   922                           ;	Watchdog Timer Postscale Select bits
   923                           ;	WDTPS = 32768, 1:32768
   924   300003                     	org	3145731
   925   300003  1E                 	db	30
   926                           
   927                           ; Padding undefined space
   928   300004                     	org	3145732
   929   300004  FF                 	db	255
   930                           
   931                           ;Config register CONFIG3H @ 0x300005
   932                           ;	CCP2 MUX bit
   933                           ;	CCP2MX = ON, CCP2 input/output is multiplexed with RC1
   934                           ;	PORTB A/D Enable bit
   935                           ;	PBADEN = OFF, PORTB<4:0> pins are configured as digital I/O on Reset
   936                           ;	Low-Power Timer 1 Oscillator Enable bit
   937                           ;	LPT1OSC = OFF, Timer1 configured for higher power operation
   938                           ;	MCLR Pin Enable bit
   939                           ;	MCLRE = ON, MCLR pin enabled; RE3 input pin disabled
   940   300005                     	org	3145733
   941   300005  81                 	db	129
   942                           
   943                           ;Config register CONFIG4L @ 0x300006
   944                           ;	Stack Full/Underflow Reset Enable bit
   945                           ;	STVREN = ON, Stack full/underflow will cause Reset
   946                           ;	Single-Supply ICSP Enable bit
   947                           ;	LVP = OFF, Single-Supply ICSP disabled
   948                           ;	Dedicated In-Circuit Debug/Programming Port (ICPORT) Enable bit
   949                           ;	ICPRT = OFF, ICPORT disabled
   950                           ;	Extended Instruction Set Enable bit
   951                           ;	XINST = OFF, Instruction set extension and Indexed Addressing mode disabled (Legacy mo
      +                          de)
   952                           ;	Background Debugger Enable bit
   953                           ;	DEBUG = 0x1, unprogrammed default
   954   300006                     	org	3145734
   955   300006  81                 	db	129
   956                           
   957                           ; Padding undefined space
   958   300007                     	org	3145735
   959   300007  FF                 	db	255
   960                           
   961                           ;Config register CONFIG5L @ 0x300008
   962                           ;	Code Protection bit
   963                           ;	CP0 = OFF, Block 0 (000800-001FFFh) is not code-protected
   964                           ;	Code Protection bit
   965                           ;	CP1 = OFF, Block 1 (002000-003FFFh) is not code-protected
   966                           ;	Code Protection bit
   967                           ;	CP2 = OFF, Block 2 (004000-005FFFh) is not code-protected
   968                           ;	Code Protection bit
   969                           ;	CP3 = OFF, Block 3 (006000-007FFFh) is not code-protected
   970   300008                     	org	3145736
   971   300008  0F                 	db	15
   972                           
   973                           ;Config register CONFIG5H @ 0x300009
   974                           ;	Boot Block Code Protection bit
   975                           ;	CPB = OFF, Boot block (000000-0007FFh) is not code-protected
   976                           ;	Data EEPROM Code Protection bit
   977                           ;	CPD = OFF, Data EEPROM is not code-protected
   978   300009                     	org	3145737
   979   300009  C0                 	db	192
   980                           
   981                           ;Config register CONFIG6L @ 0x30000A
   982                           ;	Write Protection bit
   983                           ;	WRT0 = OFF, Block 0 (000800-001FFFh) is not write-protected
   984                           ;	Write Protection bit
   985                           ;	WRT1 = OFF, Block 1 (002000-003FFFh) is not write-protected
   986                           ;	Write Protection bit
   987                           ;	WRT2 = OFF, Block 2 (004000-005FFFh) is not write-protected
   988                           ;	Write Protection bit
   989                           ;	WRT3 = OFF, Block 3 (006000-007FFFh) is not write-protected
   990   30000A                     	org	3145738
   991   30000A  0F                 	db	15
   992                           
   993                           ;Config register CONFIG6H @ 0x30000B
   994                           ;	Configuration Register Write Protection bit
   995                           ;	WRTC = OFF, Configuration registers (300000-3000FFh) are not write-protected
   996                           ;	Boot Block Write Protection bit
   997                           ;	WRTB = OFF, Boot block (000000-0007FFh) is not write-protected
   998                           ;	Data EEPROM Write Protection bit
   999                           ;	WRTD = OFF, Data EEPROM is not write-protected
  1000   30000B                     	org	3145739
  1001   30000B  E0                 	db	224
  1002                           
  1003                           ;Config register CONFIG7L @ 0x30000C
  1004                           ;	Table Read Protection bit
  1005                           ;	EBTR0 = OFF, Block 0 (000800-001FFFh) is not protected from table reads executed in ot
      +                          her blocks
  1006                           ;	Table Read Protection bit
  1007                           ;	EBTR1 = OFF, Block 1 (002000-003FFFh) is not protected from table reads executed in ot
      +                          her blocks
  1008                           ;	Table Read Protection bit
  1009                           ;	EBTR2 = OFF, Block 2 (004000-005FFFh) is not protected from table reads executed in ot
      +                          her blocks
  1010                           ;	Table Read Protection bit
  1011                           ;	EBTR3 = OFF, Block 3 (006000-007FFFh) is not protected from table reads executed in ot
      +                          her blocks
  1012   30000C                     	org	3145740
  1013   30000C  0F                 	db	15
  1014                           
  1015                           ;Config register CONFIG7H @ 0x30000D
  1016                           ;	Boot Block Table Read Protection bit
  1017                           ;	EBTRB = OFF, Boot block (000000-0007FFh) is not protected from table reads executed in
      +                           other blocks
  1018   30000D                     	org	3145741
  1019   30000D  40                 	db	64
  1020                           tosu	equ	0xFFF
  1021                           tosh	equ	0xFFE
  1022                           tosl	equ	0xFFD
  1023                           stkptr	equ	0xFFC
  1024                           pclatu	equ	0xFFB
  1025                           pclath	equ	0xFFA
  1026                           pcl	equ	0xFF9
  1027                           tblptru	equ	0xFF8
  1028                           tblptrh	equ	0xFF7
  1029                           tblptrl	equ	0xFF6
  1030                           tablat	equ	0xFF5
  1031                           prodh	equ	0xFF4
  1032                           prodl	equ	0xFF3
  1033                           indf0	equ	0xFEF
  1034                           postinc0	equ	0xFEE
  1035                           postdec0	equ	0xFED
  1036                           preinc0	equ	0xFEC
  1037                           plusw0	equ	0xFEB
  1038                           fsr0h	equ	0xFEA
  1039                           fsr0l	equ	0xFE9
  1040                           wreg	equ	0xFE8
  1041                           indf1	equ	0xFE7
  1042                           postinc1	equ	0xFE6
  1043                           postdec1	equ	0xFE5
  1044                           preinc1	equ	0xFE4
  1045                           plusw1	equ	0xFE3
  1046                           fsr1h	equ	0xFE2
  1047                           fsr1l	equ	0xFE1
  1048                           bsr	equ	0xFE0
  1049                           indf2	equ	0xFDF
  1050                           postinc2	equ	0xFDE
  1051                           postdec2	equ	0xFDD
  1052                           preinc2	equ	0xFDC
  1053                           plusw2	equ	0xFDB
  1054                           fsr2h	equ	0xFDA
  1055                           fsr2l	equ	0xFD9
  1056                           status	equ	0xFD8

Data Sizes:
    Strings     0
    Constant    0
    Data        0
    BSS         0
    Persistent  0
    Stack       0

Auto Spaces:
    Space          Size  Autos    Used
    COMRAM           95     14      14
    BANK0           160      0       0
    BANK1           256      0       0
    BANK2           256      0       0
    BANK3           256      0       0
    BANK4           256      0       0
    BANK5           256      0       0
    BANK6           256      0       0
    BANK7           256      0       0

Pointer List with Targets:

    None.

Critical Paths under _main in COMRAM

    None.

Critical Paths under _main in BANK0

    None.

Critical Paths under _main in BANK1

    None.

Critical Paths under _main in BANK2

    None.

Critical Paths under _main in BANK3

    None.

Critical Paths under _main in BANK4

    None.

Critical Paths under _main in BANK5

    None.

Critical Paths under _main in BANK6

    None.

Critical Paths under _main in BANK7

    None.

Call Graph Tables:

 ---------------------------------------------------------------------------------
 (Depth) Function   	        Calls       Base Space   Used Autos Params    Refs
 ---------------------------------------------------------------------------------
 (0) _main                                                14    14      0     540
                                              0 COMRAM    14    14      0
 ---------------------------------------------------------------------------------
 Estimated maximum stack depth 0
 ---------------------------------------------------------------------------------

 Call Graph Graphs:

 _main (ROOT)

Address spaces:
Name               Size   Autos  Total    Usage
BITCOMRAM           95      0       0      0.0%
BITBANK0           160      0       0      0.0%
BITBANK1           256      0       0      0.0%
BITBANK2           256      0       0      0.0%
BITBANK3           256      0       0      0.0%
BITBANK4           256      0       0      0.0%
BITBANK5           256      0       0      0.0%
BITBANK6           256      0       0      0.0%
BITBANK7           256      0       0      0.0%
BITBIGSFRh         117      0       0      0.0%
BITBIGSFRl          42      0       0      0.0%
COMRAM              95     14      14     14.7%
BANK0              160      0       0      0.0%
BANK1              256      0       0      0.0%
BANK2              256      0       0      0.0%
BANK3              256      0       0      0.0%
BANK4              256      0       0      0.0%
BANK5              256      0       0      0.0%
BANK6              256      0       0      0.0%
BANK7              256      0       0      0.0%
BIGRAM            2047      0       0      0.0%
STACK                0      0       0      0.0%
DATA                 0      0      14      0.0%


Microchip Technology PIC18 Macro Assembler V3.00 build 20241204225717 
Symbol Table                                                                                   Sun May 11 00:34:55 2025

                     u14 085C                       u15 0858                       u24 0878  
                     u25 0874                       u34 0896                       u35 0892  
                     u44 08B4                       u45 08B0                       u54 08D0  
                     u55 08CC                       u64 08EE                       u65 08EA  
                     u74 0924                       u75 0920                       u84 0940  
                     u85 093C                       u94 095E                       u95 095A  
                    l700 083A                      l710 0844                      l702 083C  
                    l720 0884                      l712 0846                      l704 083E  
                    l730 0912                      l722 08A2                      l714 0848  
                    l706 0840                      l740 09A4                      l732 092E  
                    l724 08BE                      l716 084A                      l708 0842  
                    l750 0A32                      l742 09C2                      l734 094C  
                    l726 08DC                      l718 0866                      l760 0ABE  
                    l752 0A4E                      l744 09DA                      l736 096A  
                    l728 08FA                      l770 0B52                      l762 0ADC  
                    l754 0A6C                      l746 09F6                      l738 0986  
                    l690 0802                      l764 0AFA                      l756 0A8A  
                    l748 0A14                      l692 0832                      l766 0B16  
                    l758 0AA2                      l694 0834                      l768 0B34  
                    l696 0836                      l698 0838                      u104 097C  
                    u105 0978                      u114 0998                      u115 0994  
                    u204 0AD0                      u124 09B6                      u205 0ACC  
                    u125 09B2                      u214 0AEE                      u134 09EC  
                    u215 0AEA                      u135 09E8                      u224 0B0C  
                    u144 0A08                      u225 0B08                      u145 0A04  
                    u234 0B28                      u154 0A26                      u235 0B24  
                    u155 0A22                      u244 0B46                      u164 0A44  
                    u245 0B42                      u165 0A40                      u174 0A60  
                    u175 0A5C                      u184 0A7E                      u185 0A7A  
                    u257 0904                      u194 0AB4                      u195 0AB0  
                    u267 09CC                      u277 0A94                      u287 0B5C  
                    wreg 0FE8                     _LATB 0F8A                     _main 0802  
                   start 7FFC             ___param_bank 0000                    ?_main 0001  
           main@redLed_1 0003             main@redLed_2 0009                    _TRISB 0F93  
                  status 0FD8          __initialization 0B72             __end_of_main 0B72  
                 ??_main 0001            __activetblptr 0000                   isa$std 0001  
           __mediumconst 0800               __accesstop 0060  __end_of__initialization 0B72  
          ___rparam_used 0001           __pcstackCOMRAM 0001           main@greenLed_1 0007  
         main@greenLed_2 000D                  __Hparam 0000                  __Lparam 0000  
           __psmallconst 0800                  __pcinit 0B72                  __ramtop 0800  
                __ptext0 0802     end_of_initialization 0B72      start_initialization 0B72  
            __smallconst 0800                 __Hrparam 0000                 __Lrparam 0000  
               isa$xinst 0000          main@yellowLed_1 0005          main@yellowLed_2 000B  
